Traceback (most recent call last):
  File "/Users/stratismarkou/miniconda3/envs/rw/lib/python3.10/site-packages/jupyter_cache/executors/utils.py", line 58, in single_nb_execution
    executenb(
  File "/Users/stratismarkou/miniconda3/envs/rw/lib/python3.10/site-packages/nbclient/client.py", line 1314, in execute
    return NotebookClient(nb=nb, resources=resources, km=km, **kwargs).execute()
  File "/Users/stratismarkou/miniconda3/envs/rw/lib/python3.10/site-packages/jupyter_core/utils/__init__.py", line 165, in wrapped
    return loop.run_until_complete(inner)
  File "/Users/stratismarkou/miniconda3/envs/rw/lib/python3.10/asyncio/base_events.py", line 649, in run_until_complete
    return future.result()
  File "/Users/stratismarkou/miniconda3/envs/rw/lib/python3.10/site-packages/nbclient/client.py", line 709, in async_execute
    await self.async_execute_cell(
  File "/Users/stratismarkou/miniconda3/envs/rw/lib/python3.10/site-packages/nbclient/client.py", line 1062, in async_execute_cell
    await self._check_raise_for_error(cell, cell_index, exec_reply)
  File "/Users/stratismarkou/miniconda3/envs/rw/lib/python3.10/site-packages/nbclient/client.py", line 918, in _check_raise_for_error
    raise CellExecutionError.from_cell_and_msg(cell, exec_reply_content)
nbclient.exceptions.CellExecutionError: An error occurred while executing the following cell:
------------------
import cairosvg
import nltk

from nltk import CFG
from nltk.parse import RecursiveDescentParser
from IPython.display import Image, display

def parse_and_show_trees(grammar, sentence):
    """
    Given a CFG `grammar` and a sentence `sentence`, parse `sentence` and show
    the parse trees associated with this sentence.

    Arguments:
        grammar: CFG, context free grammar to use
        sentence: str, string to parse
    """

    # Create a parser from the grammar and parse the string
    parser = RecursiveDescentParser(grammar)
    trees = list(parser.parse(sentence))

    # Check at least one parse tree exists
    assert len(trees) > 0, f"Sentence not in the CFG."

    # Parse the sentence and get the first parse tree
    for tree in trees:
    
        parse_tree_png = cairosvg.svg2png(
            tree._repr_svg_(),
            background_color="white",
        )
        
        display(Image(parse_tree_png))
------------------


[0;31m---------------------------------------------------------------------------[0m
[0;31mModuleNotFoundError[0m                       Traceback (most recent call last)
Cell [0;32mIn[1], line 1[0m
[0;32m----> 1[0m [38;5;28;01mimport[39;00m [38;5;21;01mcairosvg[39;00m
[1;32m      2[0m [38;5;28;01mimport[39;00m [38;5;21;01mnltk[39;00m
[1;32m      4[0m [38;5;28;01mfrom[39;00m [38;5;21;01mnltk[39;00m [38;5;28;01mimport[39;00m CFG

[0;31mModuleNotFoundError[0m: No module named 'cairosvg'

